have_header: checking for ruby/version.h... -------------------- yes

DYLD_FALLBACK_LIBRARY_PATH=.:/Users/mac/.rbenv/versions/3.2.1/lib "clang -o conftest -I/Users/mac/.rbenv/versions/3.2.1/include/ruby-3.2.0/x86_64-darwin19 -I/Users/mac/.rbenv/versions/3.2.1/include/ruby-3.2.0/ruby/backward -I/Users/mac/.rbenv/versions/3.2.1/include/ruby-3.2.0 -I. -I/Users/mac/.rbenv/versions/3.2.1/include  -D_XOPEN_SOURCE -D_DARWIN_C_SOURCE -D_DARWIN_UNLIMITED_SELECT -D_REENTRANT   -fdeclspec -O3 -fno-fast-math -ggdb3 -Wall -Wextra -Wextra-tokens -Wdeprecated-declarations -Wdivision-by-zero -Wdiv-by-zero -Wimplicit-function-declaration -Wimplicit-int -Wmisleading-indentation -Wpointer-arith -Wshorten-64-to-32 -Wwrite-strings -Wold-style-definition -Wmissing-noreturn -Wno-constant-logical-operand -Wno-long-long -Wno-missing-field-initializers -Wno-overlength-strings -Wno-parentheses-equality -Wno-self-assign -Wno-tautological-compare -Wno-unused-parameter -Wno-unused-value -Wunused-variable -Wundef  -fno-common -pipe conftest.c  -L. -L/Users/mac/.rbenv/versions/3.2.1/lib -L. -L/Users/mac/.rbenv/versions/3.2.1/lib  -fstack-protector-strong     -lruby.3.2  -lpthread  "
checked program was:
/* begin */
1: #include "ruby.h"
2: 
3: int main(int argc, char **argv)
4: {
5:   return !!argv[argc];
6: }
/* end */

DYLD_FALLBACK_LIBRARY_PATH=.:/Users/mac/.rbenv/versions/3.2.1/lib "clang -I/Users/mac/.rbenv/versions/3.2.1/include/ruby-3.2.0/x86_64-darwin19 -I/Users/mac/.rbenv/versions/3.2.1/include/ruby-3.2.0/ruby/backward -I/Users/mac/.rbenv/versions/3.2.1/include/ruby-3.2.0 -I. -I/Users/mac/.rbenv/versions/3.2.1/include  -D_XOPEN_SOURCE -D_DARWIN_C_SOURCE -D_DARWIN_UNLIMITED_SELECT -D_REENTRANT   -fdeclspec -O3 -fno-fast-math -ggdb3 -Wall -Wextra -Wextra-tokens -Wdeprecated-declarations -Wdivision-by-zero -Wdiv-by-zero -Wimplicit-function-declaration -Wimplicit-int -Wmisleading-indentation -Wpointer-arith -Wshorten-64-to-32 -Wwrite-strings -Wold-style-definition -Wmissing-noreturn -Wno-constant-logical-operand -Wno-long-long -Wno-missing-field-initializers -Wno-overlength-strings -Wno-parentheses-equality -Wno-self-assign -Wno-tautological-compare -Wno-unused-parameter -Wno-unused-value -Wunused-variable -Wundef  -fno-common -pipe   -c conftest.c"
checked program was:
/* begin */
1: #include "ruby.h"
2: 
3: #include <ruby/version.h>
/* end */

--------------------

have_func: checking for rb_exec_recursive() in ruby.h... -------------------- yes

DYLD_FALLBACK_LIBRARY_PATH=.:/Users/mac/.rbenv/versions/3.2.1/lib "clang -o conftest -I/Users/mac/.rbenv/versions/3.2.1/include/ruby-3.2.0/x86_64-darwin19 -I/Users/mac/.rbenv/versions/3.2.1/include/ruby-3.2.0/ruby/backward -I/Users/mac/.rbenv/versions/3.2.1/include/ruby-3.2.0 -I. -I/Users/mac/.rbenv/versions/3.2.1/include  -D_XOPEN_SOURCE -D_DARWIN_C_SOURCE -D_DARWIN_UNLIMITED_SELECT -D_REENTRANT   -fdeclspec -O3 -fno-fast-math -ggdb3 -Wall -Wextra -Wextra-tokens -Wdeprecated-declarations -Wdivision-by-zero -Wdiv-by-zero -Wimplicit-function-declaration -Wimplicit-int -Wmisleading-indentation -Wpointer-arith -Wshorten-64-to-32 -Wwrite-strings -Wold-style-definition -Wmissing-noreturn -Wno-constant-logical-operand -Wno-long-long -Wno-missing-field-initializers -Wno-overlength-strings -Wno-parentheses-equality -Wno-self-assign -Wno-tautological-compare -Wno-unused-parameter -Wno-unused-value -Wunused-variable -Wundef  -fno-common -pipe conftest.c  -L. -L/Users/mac/.rbenv/versions/3.2.1/lib -L. -L/Users/mac/.rbenv/versions/3.2.1/lib  -fstack-protector-strong     -lruby.3.2  -lpthread  "
checked program was:
/* begin */
 1: #include "ruby.h"
 2: 
 3: #include <ruby.h>
 4: 
 5: /*top*/
 6: extern int t(void);
 7: int main(int argc, char **argv)
 8: {
 9:   if (argc > 1000000) {
10:     int (* volatile tp)(void)=(int (*)(void))&t;
11:     printf("%d", (*tp)());
12:   }
13: 
14:   return !!argv[argc];
15: }
16: int t(void) { void ((*volatile p)()); p = (void ((*)()))rb_exec_recursive; return !p; }
/* end */

--------------------

have_func: checking for rb_exec_recursive_paired() in ruby.h... -------------------- yes

DYLD_FALLBACK_LIBRARY_PATH=.:/Users/mac/.rbenv/versions/3.2.1/lib "clang -o conftest -I/Users/mac/.rbenv/versions/3.2.1/include/ruby-3.2.0/x86_64-darwin19 -I/Users/mac/.rbenv/versions/3.2.1/include/ruby-3.2.0/ruby/backward -I/Users/mac/.rbenv/versions/3.2.1/include/ruby-3.2.0 -I. -I/Users/mac/.rbenv/versions/3.2.1/include  -D_XOPEN_SOURCE -D_DARWIN_C_SOURCE -D_DARWIN_UNLIMITED_SELECT -D_REENTRANT   -fdeclspec -O3 -fno-fast-math -ggdb3 -Wall -Wextra -Wextra-tokens -Wdeprecated-declarations -Wdivision-by-zero -Wdiv-by-zero -Wimplicit-function-declaration -Wimplicit-int -Wmisleading-indentation -Wpointer-arith -Wshorten-64-to-32 -Wwrite-strings -Wold-style-definition -Wmissing-noreturn -Wno-constant-logical-operand -Wno-long-long -Wno-missing-field-initializers -Wno-overlength-strings -Wno-parentheses-equality -Wno-self-assign -Wno-tautological-compare -Wno-unused-parameter -Wno-unused-value -Wunused-variable -Wundef  -fno-common -pipe conftest.c  -L. -L/Users/mac/.rbenv/versions/3.2.1/lib -L. -L/Users/mac/.rbenv/versions/3.2.1/lib  -fstack-protector-strong     -lruby.3.2  -lpthread  "
checked program was:
/* begin */
 1: #include "ruby.h"
 2: 
 3: #include <ruby.h>
 4: 
 5: /*top*/
 6: extern int t(void);
 7: int main(int argc, char **argv)
 8: {
 9:   if (argc > 1000000) {
10:     int (* volatile tp)(void)=(int (*)(void))&t;
11:     printf("%d", (*tp)());
12:   }
13: 
14:   return !!argv[argc];
15: }
16: int t(void) { void ((*volatile p)()); p = (void ((*)()))rb_exec_recursive_paired; return !p; }
/* end */

--------------------

have_func: checking for rb_proc_lambda_p() in ruby.h... -------------------- yes

DYLD_FALLBACK_LIBRARY_PATH=.:/Users/mac/.rbenv/versions/3.2.1/lib "clang -o conftest -I/Users/mac/.rbenv/versions/3.2.1/include/ruby-3.2.0/x86_64-darwin19 -I/Users/mac/.rbenv/versions/3.2.1/include/ruby-3.2.0/ruby/backward -I/Users/mac/.rbenv/versions/3.2.1/include/ruby-3.2.0 -I. -I/Users/mac/.rbenv/versions/3.2.1/include  -D_XOPEN_SOURCE -D_DARWIN_C_SOURCE -D_DARWIN_UNLIMITED_SELECT -D_REENTRANT   -fdeclspec -O3 -fno-fast-math -ggdb3 -Wall -Wextra -Wextra-tokens -Wdeprecated-declarations -Wdivision-by-zero -Wdiv-by-zero -Wimplicit-function-declaration -Wimplicit-int -Wmisleading-indentation -Wpointer-arith -Wshorten-64-to-32 -Wwrite-strings -Wold-style-definition -Wmissing-noreturn -Wno-constant-logical-operand -Wno-long-long -Wno-missing-field-initializers -Wno-overlength-strings -Wno-parentheses-equality -Wno-self-assign -Wno-tautological-compare -Wno-unused-parameter -Wno-unused-value -Wunused-variable -Wundef  -fno-common -pipe conftest.c  -L. -L/Users/mac/.rbenv/versions/3.2.1/lib -L. -L/Users/mac/.rbenv/versions/3.2.1/lib  -fstack-protector-strong     -lruby.3.2  -lpthread  "
checked program was:
/* begin */
 1: #include "ruby.h"
 2: 
 3: #include <ruby.h>
 4: 
 5: /*top*/
 6: extern int t(void);
 7: int main(int argc, char **argv)
 8: {
 9:   if (argc > 1000000) {
10:     int (* volatile tp)(void)=(int (*)(void))&t;
11:     printf("%d", (*tp)());
12:   }
13: 
14:   return !!argv[argc];
15: }
16: int t(void) { void ((*volatile p)()); p = (void ((*)()))rb_proc_lambda_p; return !p; }
/* end */

--------------------

have_func: checking for rb_ary_resize() in ruby.h... -------------------- yes

DYLD_FALLBACK_LIBRARY_PATH=.:/Users/mac/.rbenv/versions/3.2.1/lib "clang -o conftest -I/Users/mac/.rbenv/versions/3.2.1/include/ruby-3.2.0/x86_64-darwin19 -I/Users/mac/.rbenv/versions/3.2.1/include/ruby-3.2.0/ruby/backward -I/Users/mac/.rbenv/versions/3.2.1/include/ruby-3.2.0 -I. -I/Users/mac/.rbenv/versions/3.2.1/include  -D_XOPEN_SOURCE -D_DARWIN_C_SOURCE -D_DARWIN_UNLIMITED_SELECT -D_REENTRANT   -fdeclspec -O3 -fno-fast-math -ggdb3 -Wall -Wextra -Wextra-tokens -Wdeprecated-declarations -Wdivision-by-zero -Wdiv-by-zero -Wimplicit-function-declaration -Wimplicit-int -Wmisleading-indentation -Wpointer-arith -Wshorten-64-to-32 -Wwrite-strings -Wold-style-definition -Wmissing-noreturn -Wno-constant-logical-operand -Wno-long-long -Wno-missing-field-initializers -Wno-overlength-strings -Wno-parentheses-equality -Wno-self-assign -Wno-tautological-compare -Wno-unused-parameter -Wno-unused-value -Wunused-variable -Wundef  -fno-common -pipe conftest.c  -L. -L/Users/mac/.rbenv/versions/3.2.1/lib -L. -L/Users/mac/.rbenv/versions/3.2.1/lib  -fstack-protector-strong     -lruby.3.2  -lpthread  "
checked program was:
/* begin */
 1: #include "ruby.h"
 2: 
 3: #include <ruby.h>
 4: 
 5: /*top*/
 6: extern int t(void);
 7: int main(int argc, char **argv)
 8: {
 9:   if (argc > 1000000) {
10:     int (* volatile tp)(void)=(int (*)(void))&t;
11:     printf("%d", (*tp)());
12:   }
13: 
14:   return !!argv[argc];
15: }
16: int t(void) { void ((*volatile p)()); p = (void ((*)()))rb_ary_resize; return !p; }
/* end */

--------------------

have_func: checking for rb_obj_hide() in ruby.h... -------------------- yes

DYLD_FALLBACK_LIBRARY_PATH=.:/Users/mac/.rbenv/versions/3.2.1/lib "clang -o conftest -I/Users/mac/.rbenv/versions/3.2.1/include/ruby-3.2.0/x86_64-darwin19 -I/Users/mac/.rbenv/versions/3.2.1/include/ruby-3.2.0/ruby/backward -I/Users/mac/.rbenv/versions/3.2.1/include/ruby-3.2.0 -I. -I/Users/mac/.rbenv/versions/3.2.1/include  -D_XOPEN_SOURCE -D_DARWIN_C_SOURCE -D_DARWIN_UNLIMITED_SELECT -D_REENTRANT   -fdeclspec -O3 -fno-fast-math -ggdb3 -Wall -Wextra -Wextra-tokens -Wdeprecated-declarations -Wdivision-by-zero -Wdiv-by-zero -Wimplicit-function-declaration -Wimplicit-int -Wmisleading-indentation -Wpointer-arith -Wshorten-64-to-32 -Wwrite-strings -Wold-style-definition -Wmissing-noreturn -Wno-constant-logical-operand -Wno-long-long -Wno-missing-field-initializers -Wno-overlength-strings -Wno-parentheses-equality -Wno-self-assign -Wno-tautological-compare -Wno-unused-parameter -Wno-unused-value -Wunused-variable -Wundef  -fno-common -pipe conftest.c  -L. -L/Users/mac/.rbenv/versions/3.2.1/lib -L. -L/Users/mac/.rbenv/versions/3.2.1/lib  -fstack-protector-strong     -lruby.3.2  -lpthread  "
checked program was:
/* begin */
 1: #include "ruby.h"
 2: 
 3: #include <ruby.h>
 4: 
 5: /*top*/
 6: extern int t(void);
 7: int main(int argc, char **argv)
 8: {
 9:   if (argc > 1000000) {
10:     int (* volatile tp)(void)=(int (*)(void))&t;
11:     printf("%d", (*tp)());
12:   }
13: 
14:   return !!argv[argc];
15: }
16: int t(void) { void ((*volatile p)()); p = (void ((*)()))rb_obj_hide; return !p; }
/* end */

--------------------

have_func: checking for rb_safe_level() in ruby.h... -------------------- no

DYLD_FALLBACK_LIBRARY_PATH=.:/Users/mac/.rbenv/versions/3.2.1/lib "clang -o conftest -I/Users/mac/.rbenv/versions/3.2.1/include/ruby-3.2.0/x86_64-darwin19 -I/Users/mac/.rbenv/versions/3.2.1/include/ruby-3.2.0/ruby/backward -I/Users/mac/.rbenv/versions/3.2.1/include/ruby-3.2.0 -I. -I/Users/mac/.rbenv/versions/3.2.1/include  -D_XOPEN_SOURCE -D_DARWIN_C_SOURCE -D_DARWIN_UNLIMITED_SELECT -D_REENTRANT   -fdeclspec -O3 -fno-fast-math -ggdb3 -Wall -Wextra -Wextra-tokens -Wdeprecated-declarations -Wdivision-by-zero -Wdiv-by-zero -Wimplicit-function-declaration -Wimplicit-int -Wmisleading-indentation -Wpointer-arith -Wshorten-64-to-32 -Wwrite-strings -Wold-style-definition -Wmissing-noreturn -Wno-constant-logical-operand -Wno-long-long -Wno-missing-field-initializers -Wno-overlength-strings -Wno-parentheses-equality -Wno-self-assign -Wno-tautological-compare -Wno-unused-parameter -Wno-unused-value -Wunused-variable -Wundef  -fno-common -pipe conftest.c  -L. -L/Users/mac/.rbenv/versions/3.2.1/lib -L. -L/Users/mac/.rbenv/versions/3.2.1/lib  -fstack-protector-strong     -lruby.3.2  -lpthread  "
conftest.c:16:57: error: use of undeclared identifier 'rb_safe_level'
int t(void) { void ((*volatile p)()); p = (void ((*)()))rb_safe_level; return !p; }
                                                        ^
1 error generated.
checked program was:
/* begin */
 1: #include "ruby.h"
 2: 
 3: #include <ruby.h>
 4: 
 5: /*top*/
 6: extern int t(void);
 7: int main(int argc, char **argv)
 8: {
 9:   if (argc > 1000000) {
10:     int (* volatile tp)(void)=(int (*)(void))&t;
11:     printf("%d", (*tp)());
12:   }
13: 
14:   return !!argv[argc];
15: }
16: int t(void) { void ((*volatile p)()); p = (void ((*)()))rb_safe_level; return !p; }
/* end */

DYLD_FALLBACK_LIBRARY_PATH=.:/Users/mac/.rbenv/versions/3.2.1/lib "clang -o conftest -I/Users/mac/.rbenv/versions/3.2.1/include/ruby-3.2.0/x86_64-darwin19 -I/Users/mac/.rbenv/versions/3.2.1/include/ruby-3.2.0/ruby/backward -I/Users/mac/.rbenv/versions/3.2.1/include/ruby-3.2.0 -I. -I/Users/mac/.rbenv/versions/3.2.1/include  -D_XOPEN_SOURCE -D_DARWIN_C_SOURCE -D_DARWIN_UNLIMITED_SELECT -D_REENTRANT   -fdeclspec -O3 -fno-fast-math -ggdb3 -Wall -Wextra -Wextra-tokens -Wdeprecated-declarations -Wdivision-by-zero -Wdiv-by-zero -Wimplicit-function-declaration -Wimplicit-int -Wmisleading-indentation -Wpointer-arith -Wshorten-64-to-32 -Wwrite-strings -Wold-style-definition -Wmissing-noreturn -Wno-constant-logical-operand -Wno-long-long -Wno-missing-field-initializers -Wno-overlength-strings -Wno-parentheses-equality -Wno-self-assign -Wno-tautological-compare -Wno-unused-parameter -Wno-unused-value -Wunused-variable -Wundef  -fno-common -pipe conftest.c  -L. -L/Users/mac/.rbenv/versions/3.2.1/lib -L. -L/Users/mac/.rbenv/versions/3.2.1/lib  -fstack-protector-strong     -lruby.3.2  -lpthread  "
Undefined symbols for architecture x86_64:
  "_rb_safe_level", referenced from:
      _t in conftest-d9965b.o
ld: symbol(s) not found for architecture x86_64
clang: error: linker command failed with exit code 1 (use -v to see invocation)
checked program was:
/* begin */
 1: #include "ruby.h"
 2: 
 3: #include <ruby.h>
 4: 
 5: /*top*/
 6: extern int t(void);
 7: int main(int argc, char **argv)
 8: {
 9:   if (argc > 1000000) {
10:     int (* volatile tp)(void)=(int (*)(void))&t;
11:     printf("%d", (*tp)());
12:   }
13: 
14:   return !!argv[argc];
15: }
16: extern void rb_safe_level();
17: int t(void) { rb_safe_level(); return 0; }
/* end */

--------------------

have_func: checking for rb_cData() in ruby.h... -------------------- no

DYLD_FALLBACK_LIBRARY_PATH=.:/Users/mac/.rbenv/versions/3.2.1/lib "clang -o conftest -I/Users/mac/.rbenv/versions/3.2.1/include/ruby-3.2.0/x86_64-darwin19 -I/Users/mac/.rbenv/versions/3.2.1/include/ruby-3.2.0/ruby/backward -I/Users/mac/.rbenv/versions/3.2.1/include/ruby-3.2.0 -I. -I/Users/mac/.rbenv/versions/3.2.1/include  -D_XOPEN_SOURCE -D_DARWIN_C_SOURCE -D_DARWIN_UNLIMITED_SELECT -D_REENTRANT   -fdeclspec -O3 -fno-fast-math -ggdb3 -Wall -Wextra -Wextra-tokens -Wdeprecated-declarations -Wdivision-by-zero -Wdiv-by-zero -Wimplicit-function-declaration -Wimplicit-int -Wmisleading-indentation -Wpointer-arith -Wshorten-64-to-32 -Wwrite-strings -Wold-style-definition -Wmissing-noreturn -Wno-constant-logical-operand -Wno-long-long -Wno-missing-field-initializers -Wno-overlength-strings -Wno-parentheses-equality -Wno-self-assign -Wno-tautological-compare -Wno-unused-parameter -Wno-unused-value -Wunused-variable -Wundef  -fno-common -pipe conftest.c  -L. -L/Users/mac/.rbenv/versions/3.2.1/lib -L. -L/Users/mac/.rbenv/versions/3.2.1/lib  -fstack-protector-strong     -lruby.3.2  -lpthread  "
conftest.c:16:57: error: use of undeclared identifier 'rb_cData'
int t(void) { void ((*volatile p)()); p = (void ((*)()))rb_cData; return !p; }
                                                        ^
1 error generated.
checked program was:
/* begin */
 1: #include "ruby.h"
 2: 
 3: #include <ruby.h>
 4: 
 5: /*top*/
 6: extern int t(void);
 7: int main(int argc, char **argv)
 8: {
 9:   if (argc > 1000000) {
10:     int (* volatile tp)(void)=(int (*)(void))&t;
11:     printf("%d", (*tp)());
12:   }
13: 
14:   return !!argv[argc];
15: }
16: int t(void) { void ((*volatile p)()); p = (void ((*)()))rb_cData; return !p; }
/* end */

DYLD_FALLBACK_LIBRARY_PATH=.:/Users/mac/.rbenv/versions/3.2.1/lib "clang -o conftest -I/Users/mac/.rbenv/versions/3.2.1/include/ruby-3.2.0/x86_64-darwin19 -I/Users/mac/.rbenv/versions/3.2.1/include/ruby-3.2.0/ruby/backward -I/Users/mac/.rbenv/versions/3.2.1/include/ruby-3.2.0 -I. -I/Users/mac/.rbenv/versions/3.2.1/include  -D_XOPEN_SOURCE -D_DARWIN_C_SOURCE -D_DARWIN_UNLIMITED_SELECT -D_REENTRANT   -fdeclspec -O3 -fno-fast-math -ggdb3 -Wall -Wextra -Wextra-tokens -Wdeprecated-declarations -Wdivision-by-zero -Wdiv-by-zero -Wimplicit-function-declaration -Wimplicit-int -Wmisleading-indentation -Wpointer-arith -Wshorten-64-to-32 -Wwrite-strings -Wold-style-definition -Wmissing-noreturn -Wno-constant-logical-operand -Wno-long-long -Wno-missing-field-initializers -Wno-overlength-strings -Wno-parentheses-equality -Wno-self-assign -Wno-tautological-compare -Wno-unused-parameter -Wno-unused-value -Wunused-variable -Wundef  -fno-common -pipe conftest.c  -L. -L/Users/mac/.rbenv/versions/3.2.1/lib -L. -L/Users/mac/.rbenv/versions/3.2.1/lib  -fstack-protector-strong     -lruby.3.2  -lpthread  "
Undefined symbols for architecture x86_64:
  "_rb_cData", referenced from:
      _t in conftest-e575ed.o
ld: symbol(s) not found for architecture x86_64
clang: error: linker command failed with exit code 1 (use -v to see invocation)
checked program was:
/* begin */
 1: #include "ruby.h"
 2: 
 3: #include <ruby.h>
 4: 
 5: /*top*/
 6: extern int t(void);
 7: int main(int argc, char **argv)
 8: {
 9:   if (argc > 1000000) {
10:     int (* volatile tp)(void)=(int (*)(void))&t;
11:     printf("%d", (*tp)());
12:   }
13: 
14:   return !!argv[argc];
15: }
16: extern void rb_cData();
17: int t(void) { rb_cData(); return 0; }
/* end */

--------------------

